<?xml version="1.0" encoding="UTF-8"?>
<!-- Generated by org.testng.reporters.JUnitReportReporter -->
<testsuite ignored="0" hostname="INLEN8520046718" failures="0" tests="1" name="com.app.tests.AppTests" time="63.069" errors="0" timestamp="09 Jan 2023 16:50:14 GMT" skipped="0">
  <testcase classname="com.app.tests.AppTests" name="Scenario4" time="63.069"/>
</testsuite> <!-- com.app.tests.AppTests -->
